<?xml version="1.0" encoding="utf-8"?><testsuites name="pytest tests"><testsuite name="pytest" errors="0" failures="0" skipped="0" tests="3" time="371.155" timestamp="2026-06-08T20:35:27.322578+00:00" hostname="agent-env-5206ad11-c249-489f-923a-11deddaa21c7"><testcase classname="backend.tests.test_gateway_live_probe" name="test_destroyed_item_cannot_be_revived" time="70.735" /><testcase classname="backend.tests.test_gateway_live_probe" name="test_consumed_item_cannot_be_reused" time="149.468" /><testcase classname="backend.tests.test_gateway_live_probe" name="test_prose_state_contradiction_correction" time="150.937" /></testsuite></testsuites>