<?xml version="1.0" encoding="utf-8"?><testsuites name="pytest tests"><testsuite name="pytest" errors="1" failures="0" skipped="2" tests="5" time="468.532" timestamp="2026-06-08T20:12:21.125172+00:00" hostname="agent-env-5206ad11-c249-489f-923a-11deddaa21c7"><testcase classname="backend.tests.test_gateway_live_probe" name="test_destroyed_item_cannot_be_revived" time="106.579"><skipped type="pytest.skip" message="Could not drive any object to status='destroyed' via live model in 3-4 turns.">/app/backend/tests/test_gateway_live_probe.py:158: Could not drive any object to status='destroyed' via live model in 3-4 turns.</skipped></testcase><testcase classname="backend.tests.test_gateway_live_probe" name="test_consumed_item_cannot_be_reused" time="84.329"><skipped type="pytest.skip" message="Could not drive any object to status='consumed' via live model.">/app/backend/tests/test_gateway_live_probe.py:235: Could not drive any object to status='consumed' via live model.</skipped></testcase><testcase classname="backend.tests.test_gateway_live_probe" name="test_dead_npc_cannot_be_revived" time="129.585" /><testcase classname="backend.tests.test_gateway_live_probe" name="test_silent_injury_healing_blocked" time="87.918" /><testcase classname="backend.tests.test_gateway_live_probe" name="test_prose_state_contradiction_correction" time="60.063"><error message="failed on setup with &quot;AssertionError: new_story failed: 502 The preview environment is not responding. It may be starting up.&#10;  &#10;assert 502 == 200&#10; +  where 502 = &lt;Response [502]&gt;.status_code&quot;">backend/tests/test_gateway_live_probe.py:112: in session
    info = _new_session(api_client)
           ^^^^^^^^^^^^^^^^^^^^^^^^
backend/tests/test_gateway_live_probe.py:44: in _new_session
    assert r.status_code == 200, f"new_story failed: {r.status_code} {r.text[:300]}"
E   AssertionError: new_story failed: 502 The preview environment is not responding. It may be starting up.
E     
E   assert 502 == 200
E    +  where 502 = &lt;Response [502]&gt;.status_code</error></testcase></testsuite></testsuites>