<?xml version="1.0" encoding="utf-8"?><testsuites name="pytest tests"><testsuite name="pytest" errors="0" failures="0" skipped="0" tests="23" time="90.199" timestamp="2026-05-20T15:17:43.170479+00:00" hostname="agent-env-42321e20-0965-4deb-bad6-ee1c8c468928"><testcase classname="backend.tests.test_story_engine" name="test_health_llm_configured" time="0.243" /><testcase classname="backend.tests.test_story_engine.TestNewStory" name="test_response_shape" time="36.157" /><testcase classname="backend.tests.test_story_engine.TestNewStory" name="test_turn_paragraphs" time="0.000" /><testcase classname="backend.tests.test_story_engine.TestNewStory" name="test_turn_choices_count" time="0.000" /><testcase classname="backend.tests.test_story_engine.TestNewStory" name="test_turn_state_keys" time="0.000" /><testcase classname="backend.tests.test_story_engine.TestNewStory" name="test_turn_ledger_keys" time="0.000" /><testcase classname="backend.tests.test_story_engine.TestNewStory" name="test_debug_block_present_when_on" time="0.000" /><testcase classname="backend.tests.test_story_engine.TestNewStory" name="test_no_mongo_id_leak" time="0.000" /><testcase classname="backend.tests.test_story_engine.TestNewStory" name="test_turn_number_one" time="0.000" /><testcase classname="backend.tests.test_story_engine.TestStoryAction" name="test_turn_increments" time="26.334" /><testcase classname="backend.tests.test_story_engine.TestStoryAction" name="test_player_action_stored" time="0.000" /><testcase classname="backend.tests.test_story_engine.TestStoryAction" name="test_paragraphs_choices_state" time="0.000" /><testcase classname="backend.tests.test_story_engine.TestStoryAction" name="test_debug_omitted_when_off" time="0.000" /><testcase classname="backend.tests.test_story_engine.TestStoryAction" name="test_no_dice_leak_in_narrative" time="0.000" /><testcase classname="backend.tests.test_story_engine.TestListSessions" name="test_list_for_device" time="0.172" /><testcase classname="backend.tests.test_story_engine.TestListSessions" name="test_isolation_by_device" time="0.049" /><testcase classname="backend.tests.test_story_engine.TestGetSession" name="test_get_full_session" time="0.051" /><testcase classname="backend.tests.test_story_engine.TestGetSession" name="test_latest_turn" time="0.047" /><testcase classname="backend.tests.test_story_engine.TestNotFound" name="test_get_session_404" time="0.048" /><testcase classname="backend.tests.test_story_engine.TestNotFound" name="test_latest_404" time="0.049" /><testcase classname="backend.tests.test_story_engine.TestNotFound" name="test_action_unknown_session_404" time="0.046" /><testcase classname="backend.tests.test_story_engine.TestNotFound" name="test_delete_404" time="0.052" /><testcase classname="backend.tests.test_story_engine.TestDeleteFlow" name="test_delete_then_404" time="26.911" /></testsuite></testsuites>