<?xml version="1.0" encoding="utf-8"?><testsuites name="pytest tests"><testsuite name="pytest" errors="0" failures="1" skipped="0" tests="30" time="113.852" timestamp="2026-05-27T09:29:39.354153+00:00" hostname="agent-env-45a9395c-948b-48dc-be1c-b48f6dd442b9"><testcase classname="backend.tests.test_custom_world_system" name="test_custom_story_new_shape" time="18.191" /><testcase classname="backend.tests.test_custom_world_system" name="test_custom_setup_persisted_to_protected_rolling_fields" time="0.057"><failure message="AssertionError: object_locations missing&#10;assert []">backend/tests/test_custom_world_system.py:111: in test_custom_setup_persisted_to_protected_rolling_fields
    assert loc, "object_locations missing"
E   AssertionError: object_locations missing
E   assert []</failure></testcase><testcase classname="backend.tests.test_custom_world_system" name="test_mechanic_probe_action_no_term_leak" time="15.574" /><testcase classname="backend.tests.test_custom_world_system" name="test_preset_flow_still_works" time="21.076" /><testcase classname="backend.tests.test_custom_world_system" name="test_state_supremacy_blocks_uncaused_improvement" time="0.000" /><testcase classname="backend.tests.test_custom_world_system" name="test_state_supremacy_allows_recovery_when_causal_cue_present" time="0.000" /><testcase classname="backend.tests.test_custom_world_system" name="test_object_permanence_removes_duplicate_carried_item" time="0.051" /><testcase classname="backend.tests.test_story_engine" name="test_health_llm_configured" time="0.047" /><testcase classname="backend.tests.test_story_engine.TestNewStory" name="test_response_shape" time="18.395" /><testcase classname="backend.tests.test_story_engine.TestNewStory" name="test_turn_paragraphs" time="0.000" /><testcase classname="backend.tests.test_story_engine.TestNewStory" name="test_turn_choices_count" time="0.000" /><testcase classname="backend.tests.test_story_engine.TestNewStory" name="test_turn_state_keys" time="0.000" /><testcase classname="backend.tests.test_story_engine.TestNewStory" name="test_turn_ledger_keys" time="0.000" /><testcase classname="backend.tests.test_story_engine.TestNewStory" name="test_debug_block_present_when_on" time="0.000" /><testcase classname="backend.tests.test_story_engine.TestNewStory" name="test_no_mongo_id_leak" time="0.000" /><testcase classname="backend.tests.test_story_engine.TestNewStory" name="test_turn_number_one" time="0.000" /><testcase classname="backend.tests.test_story_engine.TestStoryAction" name="test_turn_increments" time="17.491" /><testcase classname="backend.tests.test_story_engine.TestStoryAction" name="test_player_action_stored" time="0.000" /><testcase classname="backend.tests.test_story_engine.TestStoryAction" name="test_paragraphs_choices_state" time="0.000" /><testcase classname="backend.tests.test_story_engine.TestStoryAction" name="test_debug_omitted_when_off" time="0.000" /><testcase classname="backend.tests.test_story_engine.TestStoryAction" name="test_no_dice_leak_in_narrative" time="0.000" /><testcase classname="backend.tests.test_story_engine.TestListSessions" name="test_list_for_device" time="0.047" /><testcase classname="backend.tests.test_story_engine.TestListSessions" name="test_isolation_by_device" time="0.052" /><testcase classname="backend.tests.test_story_engine.TestGetSession" name="test_get_full_session" time="0.054" /><testcase classname="backend.tests.test_story_engine.TestGetSession" name="test_latest_turn" time="0.047" /><testcase classname="backend.tests.test_story_engine.TestNotFound" name="test_get_session_404" time="0.051" /><testcase classname="backend.tests.test_story_engine.TestNotFound" name="test_latest_404" time="0.048" /><testcase classname="backend.tests.test_story_engine.TestNotFound" name="test_action_unknown_session_404" time="0.045" /><testcase classname="backend.tests.test_story_engine.TestNotFound" name="test_delete_404" time="0.049" /><testcase classname="backend.tests.test_story_engine.TestDeleteFlow" name="test_delete_then_404" time="22.185" /></testsuite></testsuites>